2016-12-05 09:42:47:1023 [4]: 屏蔽/启用->墨盒传感器->7280->屏蔽=>
发：55 04 00 00 00 FF 05 01 02 01 00 61 0D

2016-12-05 09:42:47:2023 [4]: 屏蔽/启用->墨盒传感器->7280->屏蔽=>
收：55 05 00 00 00 FE 05 01 02 01 00 00 61 0D

2016-12-05 09:42:48:5064 [4]: 屏蔽/启用->墨盒传感器->7280->启用=>
发：55 04 00 00 00 FF 05 01 02 02 00 62 0D

2016-12-05 09:42:48:6064 [4]: 屏蔽/启用->墨盒传感器->7280->启用=>
收：55 05 00 00 00 FE 05 01 02 02 00 00 62 0D

2016-12-05 09:42:49:5064 [4]: 屏蔽/启用->墨盒传感器->510->屏蔽=>
发：55 04 00 00 00 FF 05 01 03 01 00 62 0D

2016-12-05 09:42:49:6065 [4]: 屏蔽/启用->墨盒传感器->510->屏蔽=>
收：55 05 00 00 00 FE 05 01 03 01 00 00 62 0D

2016-12-05 09:42:50:4065 [4]: 屏蔽/启用->墨盒传感器->510->启用=>
发：55 04 00 00 00 FF 05 01 03 02 00 63 0D

2016-12-05 09:42:50:5065 [4]: 屏蔽/启用->墨盒传感器->510->启用=>
收：55 05 00 00 00 FE 05 01 03 02 00 00 63 0D

2016-12-05 09:42:51:7076 [4]: 屏蔽/启用->墨盒传感器->废墨->屏蔽=>
发：55 04 00 00 00 FF 05 01 05 01 00 64 0D

2016-12-05 09:42:51:8076 [4]: 屏蔽/启用->墨盒传感器->废墨->屏蔽=>
收：55 05 00 00 00 FE 05 01 05 01 00 00 64 0D

2016-12-05 09:42:52:8076 [4]: 屏蔽/启用->墨盒传感器->废墨->启用=>
发：55 04 00 00 00 FF 05 01 05 02 00 65 0D

2016-12-05 09:42:52:9076 [4]: 屏蔽/启用->墨盒传感器->废墨->启用=>
收：55 05 00 00 00 FE 05 01 05 02 00 00 65 0D

