C51 COMPILER V9.52.0.0   DS18B20                                                           12/05/2016 09:37:57 PAGE 1   


C51 COMPILER V9.52.0.0, COMPILATION OF MODULE DS18B20
OBJECT MODULE PLACED IN ds18b20.OBJ
COMPILER INVOKED BY: C:\Keil\C51\BIN\C51.EXE ds18b20.c COMPACT BROWSE DEBUG OBJECTEXTEND TABS(2)

line level    source

   1          /************************************************************************************
   2          *
   3          * 功能说明：提供使用普通IO端口操作DS18B20的函数。
   4          * 作者信息：品诺电子(http://free-design.taobao.com)
   5          *
   6          ************************************************************************************/
   7          #include "stc15w4k32s4.h"
   8          #include "unit.h"
   9          #include "harddrive.h"
  10          #include "uart1.h"
  11          #include "ds18b20.h"
  12          #include "intrins.h"
  13          
  14          // 全局变量 保存温度值
  15          volatile  s16 temputer1;  //2  字节
  16          volatile  s16 temputer2;
  17          
  18          volatile u8 TemputerHardState1;
  19          volatile u8 TemputerHardState2;
  20          
  21          /* 定义DS18B20--第一路 使用的引脚 */
  22          #define DS18B20_1     P25
  23          
  24          #define DQ1_1()     DS18B20_1=1   /* SDA = 1 */
  25          #define DQ1_0()     DS18B20_1=0   /* SDA = 0 */
  26            
  27          #define DQ1_READ()    DS18B20_1 /* 读SDA线状态 */
  28          
  29          
  30          /* 定义DS18B20--第二路 使用的引脚 */
  31          #define DS18B20_2     P26
  32          
  33          #define DQ2_1()     DS18B20_2=1   /* SDA = 1 */
  34          #define DQ2_0()     DS18B20_2=0   /* SDA = 0 */
  35            
  36          #define DQ2_READ()    DS18B20_2 /* 读SDA线状态 */
  37          
  38          /********************************************************************
  39          函数功能：延时函数。
  40          入口参数：无。
  41          返    回：无。
  42          备    注：无。
  43          ********************************************************************/
  44          void Ds18Delay3us(void)  //误差 -0.016059027778us
  45          {
  46   1          unsigned char a,b;
  47   1          for(b=3;b>0;b--)
  48   1              for(a=3;a>0;a--);
  49   1      }
  50          /**///////////////////////Pino Electronics////////////////////////**/
  51          
  52          /********************************************************************
  53          函数功能：延时函数。
  54          入口参数：无。
  55          返    回：无。
C51 COMPILER V9.52.0.0   DS18B20                                                           12/05/2016 09:37:57 PAGE 2   

  56          备    注：无。
  57          ********************************************************************/
  58          void Ds18Delay5us(void) //误差 -0.026765046296us
  59          {
  60   1          unsigned char a,b;
  61   1          for(b=7;b>0;b--)
  62   1              for(a=2;a>0;a--);
  63   1      }
  64          /**///////////////////////Pino Electronics////////////////////////**/
  65          
  66          /********************************************************************
  67          函数功能：延时函数。
  68          入口参数：x:循环次数。
  69          返    回：无。
  70          备    注：无。
  71          ********************************************************************/
  72          void Delay100us(u32 x)  
  73          {
  74   1        u32 j;
  75   1        for(j=x;j>0;j--)
  76   1        {
  77   2           u8 i;
  78   2          _nop_();
  79   2          i = 69;
  80   2          while (--i);
  81   2        }
  82   1      }
  83          
  84          
  85          void Ds18Delay10us(u8 x)   //误差 -0.008318865741us
  86          {
  87   1        unsigned char a,b;
  88   1        for(b=x;b>0;b--)
  89   1          for(a=52;a>0;a--);
  90   1      }
  91          /**///////////////////////Pino Electronics////////////////////////**/
  92          
  93          /********************************************第一路函数******************************/
  94          /********************************************************************
  95          函数功能：18b20初始化函数。
  96          入口参数：无。
  97          返    回：u8:返回1表示成功，返回0表示失败。
  98          备    注：无。
  99          ********************************************************************/
 100          /*
 101          u8 Ds18_1Reset(void)
 102          {
 103            u8 ret=0;
 104            
 105            DQ1_1();            //DQ复位
 106            Ds18Delay3us();   //大于1us
 107            DQ1_0();            //单片机将DQ拉低
 108            Ds18Delay10us(48);//精确延时 大于 480us
 109            DQ1_1();            //拉高总线
 110            Ds18Delay10us(6); //延时大于60us
 111            ret=DQ1_READ();    //稍做延时后 如果x=0则初始化成功 x=1则初始化失败
 112            Ds18Delay10us(24);//精确延时 大于 240us
 113            return !ret;
 114          }
 115          */
 116          /**///////////////////////Pino Electronics////////////////////////**/
 117          
C51 COMPILER V9.52.0.0   DS18B20                                                           12/05/2016 09:37:57 PAGE 3   

 118          
 119          
 120          /********************************************************************
 121          函数功能：从DS18B20读一个字节。
 122          入口参数：无。
 123          返    回：读到的字节。
 124          备    注：无。
 125          ********************************************************************/
 126          /*
 127          u8 DS18_1_ReadOneChar(void)
 128          {
 129            u8 i=0;
 130            u8 dat = 0;
 131            for (i=8;i>0;i--){
 132                DQ1_0();          //给脉冲信号
 133                Ds18Delay3us(); //大于1us
 134                dat>>=1;
 135                DQ1_1();          //给脉冲信号
 136                Ds18Delay5us();
 137                if(DQ1_READ())
 138                  dat|=0x80;
 139                Ds18Delay10us(5); //需要延时45us
 140            }
 141            return(dat);
 142          }
 143          */
 144          /**///////////////////////Pino Electronics////////////////////////**/
 145          
 146          /********************************************************************
 147          函数功能：往DS18B20写入一个字节。
 148          入口参数：dat:待写入的字节。
 149          返    回：无。
 150          备    注：无。
 151          ********************************************************************/
 152          /*
 153          void DS18_1_WriteOneChar(u8 dat)
 154          {
 155            u8 i=0;
 156            for (i=8; i>0; i--){
 157              DQ1_0();
 158              Ds18Delay3us(); //大于1us
 159              if(dat&0x01)
 160                DQ1_1();
 161              else
 162                DQ1_0();
 163              Ds18Delay10us(6); //需要延时60us
 164              DQ1_1();
 165              dat>>=1;
 166              Ds18Delay3us(); //大于1us
 167            }
 168          }
 169          */
 170          /**///////////////////////Pino Electronics////////////////////////**/
 171          
 172          /********************************************************************
 173          函数功能：在DS18B20上读取上一次转换的结果，结果写入s16 *pTemp。
 174          入口参数：无。
 175          返    回：u8:返回1表示成功，返回0表示失败。
 176          备    注：注意，不能被打断，调用本函数之前最好关闭中断。
 177          ********************************************************************/
 178          /*
 179          u8 DS18_1_ReadTemperature(s16 *pTemp)
C51 COMPILER V9.52.0.0   DS18B20                                                           12/05/2016 09:37:57 PAGE 4   

 180          {
 181            u8 lsb,msb;
 182            u8 ret;
 183            s16 temp;
 184          
 185            ret=Ds18_1Reset();
 186            DS18_1_WriteOneChar(0xCC); //跳过读序号列号的操作 
 187            DS18_1_WriteOneChar(0xBE); //读取温度寄存器等（共可读9个寄存器） 前两个就是温度
 188            lsb=DS18_1_ReadOneChar();
 189            msb=DS18_1_ReadOneChar();
 190          
 191            temp=(msb<<8)|lsb;
 192            temp=temp/16;       //移除小数部分
 193            *pTemp=temp;
 194            
 195            return ret;
 196          }
 197          */
 198          /**///////////////////////Pino Electronics////////////////////////**/
 199          
 200          /********************************************************************
 201          函数功能：在DS18B20上先发起下一次温度转换。
 202          入口参数：无。
 203          返    回：u8:返回1表示成功，返回0表示失败。
 204          备    注：严重注意，不能被打断，调用本函数之前需要关闭中断。
 205          ********************************************************************/
 206          /*
 207          u8 DS18_1_StartConv(void)
 208          {
 209            u8 ret;
 210            ret=Ds18_1Reset();
 211            DS18_1_WriteOneChar(0xCC); // 单点总线情况下，跳过读序号列号的操作
 212            DS18_1_WriteOneChar(0x44); // 启动温度转换，转换需要500ms到1s的时间(典型值750ms)
 213            return ret;
 214          }
 215          */
 216          /**///////////////////////Pino Electronics////////////////////////**/
 217          
 218          /*************************************END 第一路函数******************************/
 219          
 220          
 221          
 222          
 223          /****************************************第二路函数******************************/
 224          /********************************************************************
 225          函数功能：18b20初始化函数。
 226          入口参数：无。
 227          返    回：u8:返回1表示成功，返回0表示失败。
 228          备    注：无。
 229          ********************************************************************/
 230          u8 Ds18_2Reset(void)
 231          {
 232   1        u8 ret=0;
 233   1        
 234   1        DQ2_1();            //DQ复位
 235   1        Ds18Delay3us();   //大于1us
 236   1        DQ2_0();            //单片机将DQ拉低
 237   1        Ds18Delay10us(48);//精确延时 大于 480us
 238   1        DQ2_1();            //拉高总线
 239   1        Ds18Delay10us(6); //延时大于60us
 240   1        ret=DQ2_READ();    //稍做延时后 如果x=0则初始化成功 x=1则初始化失败
 241   1        Ds18Delay10us(24);//精确延时 大于 240us
C51 COMPILER V9.52.0.0   DS18B20                                                           12/05/2016 09:37:57 PAGE 5   

 242   1        return !ret;
 243   1      }
 244          /**///////////////////////Pino Electronics////////////////////////**/
 245          
 246          
 247          
 248          /********************************************************************
 249          函数功能：从DS18B20读一个字节。
 250          入口参数：无。
 251          返    回：读到的字节。
 252          备    注：无。
 253          ********************************************************************/
 254          u8 DS18_2_ReadOneChar(void)
 255          {
 256   1        u8 i=0;
 257   1        u8 dat = 0;
 258   1        for (i=8;i>0;i--)
 259   1        {
 260   2            DQ2_0();          //给脉冲信号
 261   2            Ds18Delay3us(); //大于1us
 262   2            dat>>=1;
 263   2            DQ2_1();          //给脉冲信号
 264   2            Ds18Delay5us();
 265   2            if(DQ2_READ())
 266   2              dat|=0x80;
 267   2            Ds18Delay10us(5); //需要延时45us
 268   2        }
 269   1        return(dat);
 270   1      }
 271          /**///////////////////////Pino Electronics////////////////////////**/
 272          
 273          /********************************************************************
 274          函数功能：往DS18B20写入一个字节。
 275          入口参数：dat:待写入的字节。
 276          返    回：无。
 277          备    注：无。
 278          ********************************************************************/
 279          void DS18_2_WriteOneChar(u8 dat)
 280          {
 281   1        u8 i=0;
 282   1        for (i=8; i>0; i--)
 283   1        {
 284   2          DQ2_0();
 285   2          Ds18Delay3us(); //大于1us
 286   2          if(dat&0x01)
 287   2            DQ2_1();
 288   2          else
 289   2            DQ2_0();
 290   2          Ds18Delay10us(6); //需要延时60us
 291   2          DQ2_1();
 292   2          dat>>=1;
 293   2          Ds18Delay3us(); //大于1us
 294   2        }
 295   1      }
 296          /**///////////////////////Pino Electronics////////////////////////**/
 297          
 298          /********************************************************************
 299          函数功能：在DS18B20上读取上一次转换的结果，结果写入s16 *pTemp。
 300          入口参数：无。
 301          返    回：u8:返回1表示成功，返回0表示失败。
 302          备    注：注意，不能被打断，调用本函数之前最好关闭中断。
 303          ********************************************************************/
C51 COMPILER V9.52.0.0   DS18B20                                                           12/05/2016 09:37:57 PAGE 6   

 304          u8 DS18_2_ReadTemperature(s16 *pTemp)
 305          {
 306   1        u8 lsb,msb;
 307   1        u8 ret;
 308   1        s16 temp;
 309   1        ret=Ds18_2Reset();
 310   1        DS18_2_WriteOneChar(0xCC); //跳过读序号列号的操作 
 311   1        DS18_2_WriteOneChar(0xBE); //读取温度寄存器等（共可读9个寄存器） 前两个就是温度
 312   1        lsb=DS18_2_ReadOneChar();
 313   1        msb=DS18_2_ReadOneChar();
 314   1      
 315   1        temp=(msb<<8)|lsb;
 316   1        temp=temp/16;       //移除小数部分
 317   1        *pTemp=temp;
 318   1        
 319   1        return ret;
 320   1      }
 321          /**///////////////////////Pino Electronics////////////////////////**/
 322          
 323          /********************************************************************
 324          函数功能：在DS18B20上先发起下一次温度转换。
 325          入口参数：无。
 326          返    回：u8:返回1表示成功，返回0表示失败。
 327          备    注：严重注意，不能被打断，调用本函数之前需要关闭中断。
 328          ********************************************************************/
 329          u8 DS18_2_StartConv(void)
 330          {
 331   1        u8 ret;
 332   1        ret=Ds18_2Reset();
 333   1        DS18_2_WriteOneChar(0xCC); // 单点总线情况下，跳过读序号列号的操作
 334   1        DS18_2_WriteOneChar(0x44); // 启动温度转换，转换需要500ms到1s的时间(典型值750ms)
 335   1        return ret;
 336   1      }
 337          /**///////////////////////Pino Electronics////////////////////////**/
 338          
 339          /*************************************END 第二路函数******************************/
 340          
 341          void HandleDs18b20ReadTemp(void)
 342          {
 343   1        //u8 ret1;
 344   1        u8 ret2;
 345   1        //EA=0;
 346   1        //先开始温度测量，测量结果保存在温度传感器寄存器中
 347   1        //DS18_1_StartConv();
 348   1        DS18_2_StartConv(); 
 349   1        //EA=1;
 350   1        //Delay3us();
 351   1        //EA=0; 
 352   1        //ret1=DS18_1_ReadTemperature(&temputer1);//读取温度，读取的是上一次测量的结果
 353   1        ret2=DS18_2_ReadTemperature(&temputer2);//读取温度，读取的是上一次测量的结果
 354   1        //TemputerHardState1=ret1;
 355   1        TemputerHardState2=ret2;  
 356   1        if(TemputerHardState2==0)
 357   1        {
 358   2          temputer2=0xFFFF;  //温度传感器异常
 359   2        } 
 360   1        //EA=1;
 361   1      
 362   1      }
 363          
 364          
 365          
C51 COMPILER V9.52.0.0   DS18B20                                                           12/05/2016 09:37:57 PAGE 7   

 366          
 367          
 368          
 369          


MODULE INFORMATION:   STATIC OVERLAYABLE
   CODE SIZE        =    328    ----
   CONSTANT SIZE    =   ----    ----
   XDATA SIZE       =   ----    ----
   PDATA SIZE       =      6       9
   DATA SIZE        =   ----    ----
   IDATA SIZE       =   ----    ----
   BIT SIZE         =   ----    ----
END OF MODULE INFORMATION.


C51 COMPILATION COMPLETE.  0 WARNING(S),  0 ERROR(S)
