C51 COMPILER V9.52.0.0   UART1                                                             12/05/2016 09:37:57 PAGE 1   


C51 COMPILER V9.52.0.0, COMPILATION OF MODULE UART1
OBJECT MODULE PLACED IN uart1.OBJ
COMPILER INVOKED BY: C:\Keil\C51\BIN\C51.EXE uart1.c COMPACT BROWSE DEBUG OBJECTEXTEND TABS(2)

line level    source

   1          /************************************************************************************
   2          * 功能说明：
   3          * 串口驱动程序
   4          
   5          ************************************************************************************/
   6          
   7          #include "stc15w4k32s4.h"
   8          #include "unit.h"
   9          #include "harddrive.h"
  10          #include "uart1.h"
  11          
  12          
  13          #define BAUDRATE  9600UL    //串口波特率，需要更改波特率时，在此更改数值即可
  14          
  15          //以下变量与缓冲区相关
  16          
  17          
  18          
  19          //volatile u8 uart1SendingFlag=0;     //全局变量，串口是否有数据要发送标志
  20          
  21          volatile u8 uart1ReceivedFlag=1;    //全局变量，标志串口已接收到数据
  22          
  23          volatile u8 uart1ReceiveNum=0;      //全局变量，标志串口已接收到数据计数
  24          
  25          volatile u8 uart1SBuf[UART1_TBUFSIZE];//发送缓冲区，static标识，只在本文件中可以访问
  26          
  27          volatile u8 uart1rBuftemp[UART1_RBUFSIZE];//接收缓冲区，static标识，只在本文件中可以访问
  28          
  29          volatile u8 uart1rBuf[UART1_RBUFSIZE];//接收缓冲区，static标识，只在本文件中可以访问
  30          
  31          /********************************************************************
  32          函数功能：初始化串口1。
  33          入口参数：无。
  34          返    回：无。
  35          备    注：无。
  36          ********************************************************************/
  37          void InitUart1(void)
  38          {
  39   1        /*初始化定时器1*/ 
  40   1        
  41   1        TMOD&=(~0x30);  //设置Timer1工作在模式0(16位自动重载模式)
  42   1        
  43   1        AUXR|=0x40;   //设置定时器1为1T模式，默认为12T模式
  44   1        
  45   1        TH1=(65536-(SYSCLK/4/BAUDRATE))>>8;   //初始化Timer1重载值
  46   1        TL1=(65536-(SYSCLK/4/BAUDRATE));    //初始化Timer1重载值
  47   1        TR1=1;      //启动定时器
  48   1        
  49   1        /*初始化串口1*/
  50   1        AUXR&=(~0x01);  //设置定时器1作为串口1的波特率发生器，默认设置是定时器2
  51   1        SCON=0x50;    //工作方式1，8位可变波特率，允许接收
  52   1        PS=1;     //为了在其它中断里输出打印，串口的优先级设为高
  53   1        ES=1;     //打开串口中断
  54   1        
  55   1      }
C51 COMPILER V9.52.0.0   UART1                                                             12/05/2016 09:37:57 PAGE 2   

  56          /**///////////////////////Pino Electronics////////////////////////**/
  57          
  58          /********************************************************************
  59          函数功能：串口1中断服务程序。
  60          入口参数：无。
  61          返    回：无。
  62          备    注：无。
  63          ********************************************************************/
  64          void Uart1ISR(void) interrupt 4 
  65          {
  66   1        if(RI)
  67   1        { //检查串口接收标志位
  68   2          RI=0;   //清除接收标志位 防止重复进入中断
  69   2          
  70   2          if(uart1ReceiveNum > 13) //有效命令为13字节
  71   2          {//如果当前缓冲区已满
  72   3            uart1ReceiveNum=0;    //防止溢出
  73   3          }
  74   2          else
  75   2          {
  76   3            uart1rBuf[uart1ReceiveNum]=SBUF;
  77   3            uart1ReceiveNum++;
  78   3          } 
  79   2          //13字节为有效命令
  80   2          if(uart1ReceiveNum ==13 )
  81   2          {
  82   3            //if((uart1rBuf[0]==0x55)&&(uart1rBuf[uart1ReceiveNum-1]==0x0d) )//判断首尾位以及方向字节是否正确 
  83   3            //{       
  84   3               uart1ReceivedFlag=1; //置接收标志位
  85   3            //}
  86   3          }
  87   2        } 
  88   1      }
  89          
  90          /********************************************************************
  91          函数功能：串口1发送一个数据
  92          入口参数：要发送数据
  93          返    回：无。
  94          备    注：无。
  95          ********************************************************************/
  96          /*
  97          void uart1sendonebyte(u8 x)             //发送一个数据
  98          {
  99             SBUF=x;        
 100             while(!TI);
 101             TI=0;
 102          }
 103          */
 104          /********************************************************************
 105          函数功能：串口1发送num 个字节
 106          入口参数：数据地址，数据长度
 107          返    回：无。
 108          备    注：无。
 109          ********************************************************************/
 110          
 111          void uart1senddata(u8 *p,u8 num)               
 112          {
 113   1        u8 i;
 114   1        
 115   1        for(i=0;i<num;i++)     
 116   1        {
 117   2          SBUF=p[i];
C51 COMPILER V9.52.0.0   UART1                                                             12/05/2016 09:37:57 PAGE 3   

 118   2          while(!TI);
 119   2          TI=0;
 120   2        }
 121   1      }
 122          
 123          /**///////////////////////Pino Electronics////////////////////////**/
 124          
 125          
 126          
 127          
 128          


MODULE INFORMATION:   STATIC OVERLAYABLE
   CODE SIZE        =    129    ----
   CONSTANT SIZE    =   ----    ----
   XDATA SIZE       =   ----    ----
   PDATA SIZE       =     60       3
   DATA SIZE        =   ----    ----
   IDATA SIZE       =   ----    ----
   BIT SIZE         =   ----    ----
END OF MODULE INFORMATION.


C51 COMPILATION COMPLETE.  0 WARNING(S),  0 ERROR(S)
