2016-12-13 11:47:46:3818 [4]: FindCOM=>NewBoard->MCB 
发：55 04 00 00 00 FF 01 01 00 00 00 5A 0D

2016-12-13 11:47:46:7908 [4]: FindCOM=>NewBoard->MCB 
收：00

2016-12-13 11:47:46:7908 [4]: FindCOM=>XunYuanRFID->RFID 
发：3A 41 41 30 32 30 32 30 31 35 31 0D 0A

2016-12-13 11:47:46:9908 [4]: FindCOM=>XunYuanRFID->RFID 
收：00

2016-12-13 11:47:46:9908 [4]: FindCOM=>Beijing_Xiehe_BothSideLedCtl->MCB 
发：4E EA 00 AC FF 02 FF FF 0D

2016-12-13 11:47:47:1908 [4]: FindCOM=>Beijing_Xiehe_BothSideLedCtl->MCB 
收：00

2016-12-13 11:47:47:1908 [4]: FindCOM=>HQ450->MCB 
发：84 25 16 73 00 01 01 34 88

2016-12-13 11:47:47:2908 [4]: FindCOM=>HQ450->MCB 
收：00

2016-12-13 11:47:47:2908 [4]: FindCOM=>HQ_508->MCB 
发：84 25 16 73 00 01 01 34 88

2016-12-13 11:47:47:3908 [4]: FindCOM=>HQ_508->MCB 
收：00

2016-12-13 11:47:47:3908 [4]: FindCOM=>SDP_3C->MCB 
发：72 55 10 15 00 7E

2016-12-13 11:47:47:4908 [4]: FindCOM=>SDP_3C->MCB 
收：00

2016-12-13 11:47:47:4908 [4]: FindCOM=>SDP_7A_1_0->MCB 
发：72 55 14 15 00 7E

2016-12-13 11:47:47:6978 [4]: FindCOM=>SDP_7A_1_0->MCB 
收：00

2016-12-13 11:47:47:6978 [4]: FindCOM=>SDP_7A_1_1->MCB 
发：72 55 14 15 00 7E

2016-12-13 11:47:47:7978 [4]: FindCOM=>SDP_7A_1_1->MCB 
收：00

2016-12-13 11:47:47:7978 [4]: FindCOM=>SDP_7B->MCB 
发：2F

2016-12-13 11:47:47:8978 [4]: FindCOM=>SDP_7B->MCB 
收：00

2016-12-13 11:47:47:8978 [4]: FindCOM=>SDP_7N->MCB 
发：76

2016-12-13 11:47:47:9978 [4]: FindCOM=>SDP_7N->MCB 
收：00

2016-12-13 11:47:47:9978 [4]: FindCOM=>SDP_7D->MCB 
发：34

2016-12-13 11:47:48:0978 [4]: FindCOM=>SDP_7D->MCB 
收：00

2016-12-13 11:47:48:0978 [4]: FindCOM=>SDP_8->MCB 
发：72 55 10 11 00 7E

2016-12-13 11:47:48:1978 [4]: FindCOM=>SDP_8->MCB 
收：00

2016-12-13 11:47:48:1978 [4]: FindCOM=>SDP_8B->MCB 
发：2F

2016-12-13 11:47:48:2978 [4]: FindCOM=>SDP_8B->MCB 
收：00

2016-12-13 11:47:48:2978 [4]: FindCOM=>FXP_2->INK 
发：3A 41 41 30 32 31 30 36 36 31 46 35 35 35 35 31 36 46 46 0D 0A

2016-12-13 11:47:48:3978 [4]: FindCOM=>FXP_2->INK 
收：00

2016-12-13 11:47:48:3978 [4]: FindCOM=>SDP_3->INK 
发：3A 41 41 30 32 31 30 36 36 30 46 46 37 46 37 31 36 43 42 0D 0A

2016-12-13 11:47:48:4978 [4]: FindCOM=>SDP_3->INK 
收：00

2016-12-13 11:47:48:4978 [4]: FindCOM=>SDP_8B_2->INK 
发：3A 41 41 30 32 31 30 36 36 42 41 35 35 35 35 31 36 36 34 0D 0A

2016-12-13 11:47:48:5978 [4]: FindCOM=>SDP_8B_2->INK 
收：00

2016-12-13 11:47:48:5978 [4]: FindCOM=>SDP_2C->INK 
发：3A 41 41 30 32 31 30 36 36 30 41 35 35 35 35 31 36 31 34 0D 0A

2016-12-13 11:47:48:7178 [4]: FindCOM=>SDP_2C->INK 
收：00

2016-12-13 11:47:48:7178 [4]: FindCOM=>SDP_2D->INK 
发：3A 41 41 30 32 31 30 36 36 37 41 35 35 35 35 31 36 41 34 0D 0A

2016-12-13 11:47:48:8178 [4]: FindCOM=>SDP_2D->INK 
收：00

2016-12-13 11:47:48:8178 [4]: FindCOM=>SDP_2->MCB 
发：72 55 02 03 00 7E

2016-12-13 11:47:48:9178 [4]: FindCOM=>SDP_2->MCB 
收：00

